开始数据读取
完成数据读取
开始建立第一阶段松弛模型
开始建立第一阶段整数模型
开始第一阶段求解
Version identifier: 12.10.0.0 | 2019-11-26 | 843d4de2ae
Found incumbent of value 0.000000 after 0.00 sec. (0.11 ticks)

Root node processing (before b&c):
  Real time             =    0.00 sec. (0.17 ticks)
Parallel b&c, 20 threads:
  Real time             =    0.00 sec. (0.00 ticks)
  Sync time (average)   =    0.00 sec.
  Wait time (average)   =    0.00 sec.
                          ------------
Total (root+branch&cut) =    0.00 sec. (0.17 ticks)
完成第一阶段求解
开始第2阶段求解
Version identifier: 12.10.0.0 | 2019-11-26 | 843d4de2ae
Found incumbent of value 94260.000000 after 0.00 sec. (0.36 ticks)
Tried aggregator 2 times.
MIP Presolve eliminated 29 rows and 4335 columns.
MIP Presolve added 10 rows and 10 columns.
Aggregator did 10 substitutions.
All rows and columns eliminated.
Presolve time = 0.00 sec. (3.66 ticks)

Root node processing (before b&c):
  Real time             =    0.00 sec. (4.15 ticks)
Parallel b&c, 20 threads:
  Real time             =    0.00 sec. (0.00 ticks)
  Sync time (average)   =    0.00 sec.
  Wait time (average)   =    0.00 sec.
                          ------------
Total (root+branch&cut) =    0.00 sec. (4.15 ticks)
完成第2阶段求解
开始第3阶段求解
Version identifier: 12.10.0.0 | 2019-11-26 | 843d4de2ae
Found incumbent of value 187680.000000 after 0.00 sec. (0.36 ticks)
Tried aggregator 2 times.
MIP Presolve eliminated 29 rows and 4335 columns.
MIP Presolve added 10 rows and 10 columns.
Aggregator did 10 substitutions.
All rows and columns eliminated.
Presolve time = 0.00 sec. (3.66 ticks)

Root node processing (before b&c):
  Real time             =    0.00 sec. (4.15 ticks)
Parallel b&c, 20 threads:
  Real time             =    0.00 sec. (0.00 ticks)
  Sync time (average)   =    0.00 sec.
  Wait time (average)   =    0.00 sec.
                          ------------
Total (root+branch&cut) =    0.00 sec. (4.15 ticks)
完成第3阶段求解
开始第4阶段求解
Version identifier: 12.10.0.0 | 2019-11-26 | 843d4de2ae
Found incumbent of value 283300.000000 after 0.00 sec. (0.36 ticks)
Tried aggregator 2 times.
MIP Presolve eliminated 29 rows and 4335 columns.
MIP Presolve added 10 rows and 10 columns.
Aggregator did 10 substitutions.
All rows and columns eliminated.
Presolve time = 0.00 sec. (3.66 ticks)

Root node processing (before b&c):
  Real time             =    0.00 sec. (4.15 ticks)
Parallel b&c, 20 threads:
  Real time             =    0.00 sec. (0.00 ticks)
  Sync time (average)   =    0.00 sec.
  Wait time (average)   =    0.00 sec.
                          ------------
Total (root+branch&cut) =    0.00 sec. (4.15 ticks)
完成第4阶段求解
开始第5阶段求解
Version identifier: 12.10.0.0 | 2019-11-26 | 843d4de2ae
Found incumbent of value 394400.000000 after 0.00 sec. (0.36 ticks)
Tried aggregator 2 times.
MIP Presolve eliminated 29 rows and 4335 columns.
MIP Presolve added 10 rows and 10 columns.
Aggregator did 10 substitutions.
All rows and columns eliminated.
Presolve time = 0.00 sec. (3.66 ticks)

Root node processing (before b&c):
  Real time             =    0.00 sec. (4.15 ticks)
Parallel b&c, 20 threads:
  Real time             =    0.00 sec. (0.00 ticks)
  Sync time (average)   =    0.00 sec.
  Wait time (average)   =    0.00 sec.
                          ------------
Total (root+branch&cut) =    0.00 sec. (4.15 ticks)
完成第5阶段求解
开始第(T+1)阶段求解
Version identifier: 12.10.0.0 | 2019-11-26 | 843d4de2ae
Found incumbent of value 529220.000000 after 0.00 sec. (0.00 ticks)
Tried aggregator 2 times.
MIP Presolve eliminated 10 rows and 20 columns.
MIP Presolve added 10 rows and 10 columns.
Aggregator did 10 substitutions.
All rows and columns eliminated.
Presolve time = 0.00 sec. (0.02 ticks)

Root node processing (before b&c):
  Real time             =    0.00 sec. (0.03 ticks)
Parallel b&c, 20 threads:
  Real time             =    0.00 sec. (0.00 ticks)
  Sync time (average)   =    0.00 sec.
  Wait time (average)   =    0.00 sec.
                          ------------
Total (root+branch&cut) =    0.00 sec. (0.03 ticks)
完成第(T+1)阶段求解
Version identifier: 12.10.0.0 | 2019-11-26 | 843d4de2ae
Parallel mode: deterministic, using up to 20 threads for concurrent optimization:
 * Starting dual Simplex on 1 thread...
 * Starting Barrier on 17 threads...
 * Starting primal Simplex on 1 thread...
 * Starting Sifting on 1 thread...
Tried aggregator 1 time.
LP Presolve eliminated 29 rows and 4344 columns.
All rows and columns eliminated.
Presolve time = 0.00 sec. (2.05 ticks)

Dual simplex solved model.

Version identifier: 12.10.0.0 | 2019-11-26 | 843d4de2ae
Tried aggregator 1 time.
LP Presolve eliminated 10 rows and 20 columns.
All rows and columns eliminated.
Presolve time = 0.00 sec. (0.01 ticks)
Version identifier: 12.10.0.0 | 2019-11-26 | 843d4de2ae
Tried aggregator 1 time.
LP Presolve eliminated 10 rows and 20 columns.
All rows and columns eliminated.
Presolve time = 0.00 sec. (0.01 ticks)
Version identifier: 12.10.0.0 | 2019-11-26 | 843d4de2ae
Tried aggregator 1 time.
LP Presolve eliminated 10 rows and 20 columns.
All rows and columns eliminated.
Presolve time = 0.00 sec. (0.01 ticks)
Version identifier: 12.10.0.0 | 2019-11-26 | 843d4de2ae
Tried aggregator 1 time.
LP Presolve eliminated 10 rows and 20 columns.
All rows and columns eliminated.
Presolve time = 0.00 sec. (0.01 ticks)
Version identifier: 12.10.0.0 | 2019-11-26 | 843d4de2ae
Tried aggregator 1 time.
LP Presolve eliminated 10 rows and 20 columns.
All rows and columns eliminated.
Presolve time = 0.00 sec. (0.01 ticks)
Version identifier: 12.10.0.0 | 2019-11-26 | 843d4de2ae
Tried aggregator 1 time.
LP Presolve eliminated 10 rows and 20 columns.
All rows and columns eliminated.
Presolve time = 0.00 sec. (0.01 ticks)
Version identifier: 12.10.0.0 | 2019-11-26 | 843d4de2ae
Tried aggregator 1 time.
LP Presolve eliminated 10 rows and 20 columns.
All rows and columns eliminated.
Presolve time = 0.00 sec. (0.01 ticks)
Version identifier: 12.10.0.0 | 2019-11-26 | 843d4de2ae
Tried aggregator 1 time.
LP Presolve eliminated 10 rows and 20 columns.
All rows and columns eliminated.
Presolve time = 0.00 sec. (0.01 ticks)
Version identifier: 12.10.0.0 | 2019-11-26 | 843d4de2ae
Tried aggregator 1 time.
LP Presolve eliminated 10 rows and 20 columns.
All rows and columns eliminated.
Presolve time = 0.00 sec. (0.01 ticks)
Version identifier: 12.10.0.0 | 2019-11-26 | 843d4de2ae
Tried aggregator 1 time.
LP Presolve eliminated 10 rows and 20 columns.
All rows and columns eliminated.
Presolve time = 0.00 sec. (0.01 ticks)
Version identifier: 12.10.0.0 | 2019-11-26 | 843d4de2ae
Parallel mode: deterministic, using up to 20 threads for concurrent optimization:
 * Starting dual Simplex on 1 thread...
 * Starting Barrier on 17 threads...
 * Starting primal Simplex on 1 thread...
 * Starting Sifting on 1 thread...
Tried aggregator 1 time.
LP Presolve eliminated 29 rows and 4335 columns.
All rows and columns eliminated.
Presolve time = 0.00 sec. (1.86 ticks)

Dual simplex solved model.

T周期添加benders前107000.0
0.0
Version identifier: 12.10.0.0 | 2019-11-26 | 843d4de2ae
Parallel mode: deterministic, using up to 20 threads for concurrent optimization:
 * Starting dual Simplex on 1 thread...
 * Starting Barrier on 17 threads...
 * Starting primal Simplex on 1 thread...
 * Starting Sifting on 1 thread...

Iteration log . . .
Iteration:     1   Dual objective     =        107036.627532

Dual simplex solved model.

T周期添加benders后338486.0
231486.0
Version identifier: 12.10.0.0 | 2019-11-26 | 843d4de2ae
Parallel mode: deterministic, using up to 20 threads for concurrent optimization:
 * Starting dual Simplex on 1 thread...
 * Starting Barrier on 17 threads...
 * Starting primal Simplex on 1 thread...
 * Starting Sifting on 1 thread...
Tried aggregator 1 time.
LP Presolve eliminated 29 rows and 4335 columns.
All rows and columns eliminated.
Presolve time = 0.00 sec. (1.86 ticks)

Dual simplex solved model.

T周期添加benders前100360.0
0.0
Version identifier: 12.10.0.0 | 2019-11-26 | 843d4de2ae
Parallel mode: deterministic, using up to 20 threads for concurrent optimization:
 * Starting dual Simplex on 1 thread...
 * Starting Barrier on 17 threads...
 * Starting primal Simplex on 1 thread...
 * Starting Sifting on 1 thread...

Iteration log . . .
Iteration:     1   Dual objective     =        100395.576899

Dual simplex solved model.

T周期添加benders后325206.0
224846.0
Version identifier: 12.10.0.0 | 2019-11-26 | 843d4de2ae
Parallel mode: deterministic, using up to 20 threads for concurrent optimization:
 * Starting dual Simplex on 1 thread...
 * Starting Barrier on 17 threads...
 * Starting primal Simplex on 1 thread...
 * Starting Sifting on 1 thread...
Tried aggregator 1 time.
LP Presolve eliminated 29 rows and 4335 columns.
All rows and columns eliminated.
Presolve time = 0.00 sec. (1.86 ticks)

Dual simplex solved model.

T周期添加benders前110160.0
0.0
Version identifier: 12.10.0.0 | 2019-11-26 | 843d4de2ae
Parallel mode: deterministic, using up to 20 threads for concurrent optimization:
 * Starting dual Simplex on 1 thread...
 * Starting Barrier on 17 threads...
 * Starting primal Simplex on 1 thread...
 * Starting Sifting on 1 thread...

Iteration log . . .
Iteration:     1   Dual objective     =        110197.127532

Dual simplex solved model.

T周期添加benders后344806.0
234646.0
Version identifier: 12.10.0.0 | 2019-11-26 | 843d4de2ae
Parallel mode: deterministic, using up to 20 threads for concurrent optimization:
 * Starting dual Simplex on 1 thread...
 * Starting Barrier on 17 threads...
 * Starting primal Simplex on 1 thread...
 * Starting Sifting on 1 thread...
Tried aggregator 1 time.
LP Presolve eliminated 29 rows and 4335 columns.
All rows and columns eliminated.
Presolve time = 0.00 sec. (1.86 ticks)

Dual simplex solved model.

T周期添加benders前108740.0
0.0
Version identifier: 12.10.0.0 | 2019-11-26 | 843d4de2ae
Parallel mode: deterministic, using up to 20 threads for concurrent optimization:
 * Starting dual Simplex on 1 thread...
 * Starting Barrier on 17 threads...
 * Starting primal Simplex on 1 thread...
 * Starting Sifting on 1 thread...

Iteration log . . .
Iteration:     1   Dual objective     =        108776.902848

Dual simplex solved model.

T周期添加benders后341966.0
233226.0
Version identifier: 12.10.0.0 | 2019-11-26 | 843d4de2ae
Parallel mode: deterministic, using up to 20 threads for concurrent optimization:
 * Starting dual Simplex on 1 thread...
 * Starting Barrier on 17 threads...
 * Starting primal Simplex on 1 thread...
 * Starting Sifting on 1 thread...
Tried aggregator 1 time.
LP Presolve eliminated 29 rows and 4335 columns.
All rows and columns eliminated.
Presolve time = 0.00 sec. (1.86 ticks)

Dual simplex solved model.

T周期添加benders前94720.0
0.0
Version identifier: 12.10.0.0 | 2019-11-26 | 843d4de2ae
Parallel mode: deterministic, using up to 20 threads for concurrent optimization:
 * Starting dual Simplex on 1 thread...
 * Starting Barrier on 17 threads...
 * Starting primal Simplex on 1 thread...
 * Starting Sifting on 1 thread...

Iteration log . . .
Iteration:     1   Dual objective     =         94754.684494

Dual simplex solved model.

T周期添加benders后313926.0
219206.0
Version identifier: 12.10.0.0 | 2019-11-26 | 843d4de2ae
Parallel mode: deterministic, using up to 20 threads for concurrent optimization:
 * Starting dual Simplex on 1 thread...
 * Starting Barrier on 17 threads...
 * Starting primal Simplex on 1 thread...
 * Starting Sifting on 1 thread...
Tried aggregator 1 time.
LP Presolve eliminated 29 rows and 4335 columns.
All rows and columns eliminated.
Presolve time = 0.00 sec. (1.86 ticks)

Dual simplex solved model.

T周期添加benders前97640.0
0.0
Version identifier: 12.10.0.0 | 2019-11-26 | 843d4de2ae
Parallel mode: deterministic, using up to 20 threads for concurrent optimization:
 * Starting dual Simplex on 1 thread...
 * Starting Barrier on 17 threads...
 * Starting primal Simplex on 1 thread...
 * Starting Sifting on 1 thread...

Iteration log . . .
Iteration:     1   Dual objective     =         97675.146519

Dual simplex solved model.

T周期添加benders后319766.0
222126.0
Version identifier: 12.10.0.0 | 2019-11-26 | 843d4de2ae
Parallel mode: deterministic, using up to 20 threads for concurrent optimization:
 * Starting dual Simplex on 1 thread...
 * Starting Barrier on 17 threads...
 * Starting primal Simplex on 1 thread...
 * Starting Sifting on 1 thread...
Tried aggregator 1 time.
LP Presolve eliminated 29 rows and 4335 columns.
All rows and columns eliminated.
Presolve time = 0.00 sec. (1.86 ticks)

Dual simplex solved model.

T周期添加benders前112040.0
0.0
Version identifier: 12.10.0.0 | 2019-11-26 | 843d4de2ae
Parallel mode: deterministic, using up to 20 threads for concurrent optimization:
 * Starting dual Simplex on 1 thread...
 * Starting Barrier on 17 threads...
 * Starting primal Simplex on 1 thread...
 * Starting Sifting on 1 thread...

Iteration log . . .
Iteration:     1   Dual objective     =        112077.425000

Dual simplex solved model.

T周期添加benders后348566.0
236526.0
Version identifier: 12.10.0.0 | 2019-11-26 | 843d4de2ae
Parallel mode: deterministic, using up to 20 threads for concurrent optimization:
 * Starting dual Simplex on 1 thread...
 * Starting Barrier on 17 threads...
 * Starting primal Simplex on 1 thread...
 * Starting Sifting on 1 thread...
Tried aggregator 1 time.
LP Presolve eliminated 29 rows and 4335 columns.
All rows and columns eliminated.
Presolve time = 0.00 sec. (1.86 ticks)

Dual simplex solved model.

T周期添加benders前109840.0
0.0
Version identifier: 12.10.0.0 | 2019-11-26 | 843d4de2ae
Parallel mode: deterministic, using up to 20 threads for concurrent optimization:
 * Starting dual Simplex on 1 thread...
 * Starting Barrier on 17 threads...
 * Starting primal Simplex on 1 thread...
 * Starting Sifting on 1 thread...

Iteration log . . .
Iteration:     1   Dual objective     =        109877.076899

Dual simplex solved model.

T周期添加benders后344166.0
234326.0
Version identifier: 12.10.0.0 | 2019-11-26 | 843d4de2ae
Parallel mode: deterministic, using up to 20 threads for concurrent optimization:
 * Starting dual Simplex on 1 thread...
 * Starting Barrier on 17 threads...
 * Starting primal Simplex on 1 thread...
 * Starting Sifting on 1 thread...
Tried aggregator 1 time.
LP Presolve eliminated 29 rows and 4335 columns.
All rows and columns eliminated.
Presolve time = 0.00 sec. (1.86 ticks)

Dual simplex solved model.

T周期添加benders前111100.0
0.0
Version identifier: 12.10.0.0 | 2019-11-26 | 843d4de2ae
Parallel mode: deterministic, using up to 20 threads for concurrent optimization:
 * Starting dual Simplex on 1 thread...
 * Starting Barrier on 17 threads...
 * Starting primal Simplex on 1 thread...
 * Starting Sifting on 1 thread...

Iteration log . . .
Iteration:     1   Dual objective     =        111137.276266

Dual simplex solved model.

T周期添加benders后346686.0
235586.0
Version identifier: 12.10.0.0 | 2019-11-26 | 843d4de2ae
Parallel mode: deterministic, using up to 20 threads for concurrent optimization:
 * Starting dual Simplex on 1 thread...
 * Starting Barrier on 17 threads...
 * Starting primal Simplex on 1 thread...
 * Starting Sifting on 1 thread...
Tried aggregator 1 time.
LP Presolve eliminated 29 rows and 4335 columns.
All rows and columns eliminated.
Presolve time = 0.00 sec. (1.87 ticks)

Dual simplex solved model.

T周期添加benders前109960.0
0.0
Version identifier: 12.10.0.0 | 2019-11-26 | 843d4de2ae
Parallel mode: deterministic, using up to 20 threads for concurrent optimization:
 * Starting dual Simplex on 1 thread...
 * Starting Barrier on 17 threads...
 * Starting primal Simplex on 1 thread...
 * Starting Sifting on 1 thread...

Iteration log . . .
Iteration:     1   Dual objective     =        109997.095886

Dual simplex solved model.

T周期添加benders后344406.0
234446.0
Version identifier: 12.10.0.0 | 2019-11-26 | 843d4de2ae
Parallel mode: deterministic, using up to 20 threads for concurrent optimization:
 * Starting dual Simplex on 1 thread...
 * Starting Barrier on 17 threads...
 * Starting primal Simplex on 1 thread...
 * Starting Sifting on 1 thread...

Dual simplex solved model.

Version identifier: 12.10.0.0 | 2019-11-26 | 843d4de2ae
Parallel mode: deterministic, using up to 20 threads for concurrent optimization:
 * Starting dual Simplex on 1 thread...
 * Starting Barrier on 17 threads...
 * Starting primal Simplex on 1 thread...
 * Starting Sifting on 1 thread...

Dual simplex solved model.

Version identifier: 12.10.0.0 | 2019-11-26 | 843d4de2ae
Parallel mode: deterministic, using up to 20 threads for concurrent optimization:
 * Starting dual Simplex on 1 thread...
 * Starting Barrier on 17 threads...
 * Starting primal Simplex on 1 thread...
 * Starting Sifting on 1 thread...

Dual simplex solved model.

Version identifier: 12.10.0.0 | 2019-11-26 | 843d4de2ae
Parallel mode: deterministic, using up to 20 threads for concurrent optimization:
 * Starting dual Simplex on 1 thread...
 * Starting Barrier on 17 threads...
 * Starting primal Simplex on 1 thread...
 * Starting Sifting on 1 thread...

Dual simplex solved model.

Version identifier: 12.10.0.0 | 2019-11-26 | 843d4de2ae
Parallel mode: deterministic, using up to 20 threads for concurrent optimization:
 * Starting dual Simplex on 1 thread...
 * Starting Barrier on 17 threads...
 * Starting primal Simplex on 1 thread...
 * Starting Sifting on 1 thread...

Dual simplex solved model.

Version identifier: 12.10.0.0 | 2019-11-26 | 843d4de2ae
Parallel mode: deterministic, using up to 20 threads for concurrent optimization:
 * Starting dual Simplex on 1 thread...
 * Starting Barrier on 17 threads...
 * Starting primal Simplex on 1 thread...
 * Starting Sifting on 1 thread...

Dual simplex solved model.

Version identifier: 12.10.0.0 | 2019-11-26 | 843d4de2ae
Parallel mode: deterministic, using up to 20 threads for concurrent optimization:
 * Starting dual Simplex on 1 thread...
 * Starting Barrier on 17 threads...
 * Starting primal Simplex on 1 thread...
 * Starting Sifting on 1 thread...

Dual simplex solved model.

Version identifier: 12.10.0.0 | 2019-11-26 | 843d4de2ae
Parallel mode: deterministic, using up to 20 threads for concurrent optimization:
 * Starting dual Simplex on 1 thread...
 * Starting Barrier on 17 threads...
 * Starting primal Simplex on 1 thread...
 * Starting Sifting on 1 thread...

Dual simplex solved model.

Version identifier: 12.10.0.0 | 2019-11-26 | 843d4de2ae
Parallel mode: deterministic, using up to 20 threads for concurrent optimization:
 * Starting dual Simplex on 1 thread...
 * Starting Barrier on 17 threads...
 * Starting primal Simplex on 1 thread...
 * Starting Sifting on 1 thread...

Dual simplex solved model.

Version identifier: 12.10.0.0 | 2019-11-26 | 843d4de2ae
Parallel mode: deterministic, using up to 20 threads for concurrent optimization:
 * Starting dual Simplex on 1 thread...
 * Starting Barrier on 17 threads...
 * Starting primal Simplex on 1 thread...
 * Starting Sifting on 1 thread...

Dual simplex solved model.

Version identifier: 12.10.0.0 | 2019-11-26 | 843d4de2ae
Parallel mode: deterministic, using up to 20 threads for concurrent optimization:
 * Starting dual Simplex on 1 thread...
 * Starting Barrier on 17 threads...
 * Starting primal Simplex on 1 thread...
 * Starting Sifting on 1 thread...
Tried aggregator 1 time.
LP Presolve eliminated 30 rows and 4335 columns.
All rows and columns eliminated.
Presolve time = 0.00 sec. (2.28 ticks)

Dual simplex solved model.

Version identifier: 12.10.0.0 | 2019-11-26 | 843d4de2ae
Parallel mode: deterministic, using up to 20 threads for concurrent optimization:
 * Starting dual Simplex on 1 thread...
 * Starting Barrier on 17 threads...
 * Starting primal Simplex on 1 thread...
 * Starting Sifting on 1 thread...
Tried aggregator 1 time.
LP Presolve eliminated 30 rows and 4335 columns.
All rows and columns eliminated.
Presolve time = 0.00 sec. (2.28 ticks)

Dual simplex solved model.

Version identifier: 12.10.0.0 | 2019-11-26 | 843d4de2ae
Parallel mode: deterministic, using up to 20 threads for concurrent optimization:
 * Starting dual Simplex on 1 thread...
 * Starting Barrier on 17 threads...
 * Starting primal Simplex on 1 thread...
 * Starting Sifting on 1 thread...
Tried aggregator 1 time.
LP Presolve eliminated 30 rows and 4335 columns.
All rows and columns eliminated.
Presolve time = 0.00 sec. (2.28 ticks)

Dual simplex solved model.

Version identifier: 12.10.0.0 | 2019-11-26 | 843d4de2ae
Parallel mode: deterministic, using up to 20 threads for concurrent optimization:
 * Starting dual Simplex on 1 thread...
 * Starting Barrier on 17 threads...
 * Starting primal Simplex on 1 thread...
 * Starting Sifting on 1 thread...
Tried aggregator 1 time.
LP Presolve eliminated 30 rows and 4335 columns.
All rows and columns eliminated.
Presolve time = 0.00 sec. (2.28 ticks)

Dual simplex solved model.

Version identifier: 12.10.0.0 | 2019-11-26 | 843d4de2ae
Parallel mode: deterministic, using up to 20 threads for concurrent optimization:
 * Starting dual Simplex on 1 thread...
 * Starting Barrier on 17 threads...
 * Starting primal Simplex on 1 thread...
 * Starting Sifting on 1 thread...
Tried aggregator 1 time.
LP Presolve eliminated 30 rows and 4335 columns.
All rows and columns eliminated.
Presolve time = 0.00 sec. (2.28 ticks)

Dual simplex solved model.

Version identifier: 12.10.0.0 | 2019-11-26 | 843d4de2ae
Parallel mode: deterministic, using up to 20 threads for concurrent optimization:
 * Starting dual Simplex on 1 thread...
 * Starting Barrier on 17 threads...
 * Starting primal Simplex on 1 thread...
 * Starting Sifting on 1 thread...
Tried aggregator 1 time.
LP Presolve eliminated 30 rows and 4335 columns.
All rows and columns eliminated.
Presolve time = 0.00 sec. (2.28 ticks)

Dual simplex solved model.

Version identifier: 12.10.0.0 | 2019-11-26 | 843d4de2ae
Parallel mode: deterministic, using up to 20 threads for concurrent optimization:
 * Starting dual Simplex on 1 thread...
 * Starting Barrier on 17 threads...
 * Starting primal Simplex on 1 thread...
 * Starting Sifting on 1 thread...
Tried aggregator 1 time.
LP Presolve eliminated 30 rows and 4335 columns.
All rows and columns eliminated.
Presolve time = 0.00 sec. (2.28 ticks)

Dual simplex solved model.

Version identifier: 12.10.0.0 | 2019-11-26 | 843d4de2ae
Parallel mode: deterministic, using up to 20 threads for concurrent optimization:
 * Starting dual Simplex on 1 thread...
 * Starting Barrier on 17 threads...
 * Starting primal Simplex on 1 thread...
 * Starting Sifting on 1 thread...
Tried aggregator 1 time.
LP Presolve eliminated 30 rows and 4335 columns.
All rows and columns eliminated.
Presolve time = 0.00 sec. (2.28 ticks)

Dual simplex solved model.

Version identifier: 12.10.0.0 | 2019-11-26 | 843d4de2ae
Parallel mode: deterministic, using up to 20 threads for concurrent optimization:
 * Starting dual Simplex on 1 thread...
 * Starting Barrier on 17 threads...
 * Starting primal Simplex on 1 thread...
 * Starting Sifting on 1 thread...
Tried aggregator 1 time.
LP Presolve eliminated 30 rows and 4335 columns.
All rows and columns eliminated.
Presolve time = 0.00 sec. (2.28 ticks)

Dual simplex solved model.

Version identifier: 12.10.0.0 | 2019-11-26 | 843d4de2ae
Parallel mode: deterministic, using up to 20 threads for concurrent optimization:
 * Starting dual Simplex on 1 thread...
 * Starting Barrier on 17 threads...
 * Starting primal Simplex on 1 thread...
 * Starting Sifting on 1 thread...
Tried aggregator 1 time.
LP Presolve eliminated 30 rows and 4335 columns.
All rows and columns eliminated.
Presolve time = 0.02 sec. (2.29 ticks)

Dual simplex solved model.

Version identifier: 12.10.0.0 | 2019-11-26 | 843d4de2ae
Parallel mode: deterministic, using up to 20 threads for concurrent optimization:
 * Starting dual Simplex on 1 thread...
 * Starting Barrier on 17 threads...
 * Starting primal Simplex on 1 thread...
 * Starting Sifting on 1 thread...
Tried aggregator 1 time.
LP Presolve eliminated 30 rows and 4335 columns.
All rows and columns eliminated.
Presolve time = 0.02 sec. (2.28 ticks)

Dual simplex solved model.

Version identifier: 12.10.0.0 | 2019-11-26 | 843d4de2ae
Parallel mode: deterministic, using up to 20 threads for concurrent optimization:
 * Starting dual Simplex on 1 thread...
 * Starting Barrier on 17 threads...
 * Starting primal Simplex on 1 thread...
 * Starting Sifting on 1 thread...
Tried aggregator 1 time.
LP Presolve eliminated 30 rows and 4335 columns.
All rows and columns eliminated.
Presolve time = 0.00 sec. (2.28 ticks)

Dual simplex solved model.

Version identifier: 12.10.0.0 | 2019-11-26 | 843d4de2ae
Parallel mode: deterministic, using up to 20 threads for concurrent optimization:
 * Starting dual Simplex on 1 thread...
 * Starting Barrier on 17 threads...
 * Starting primal Simplex on 1 thread...
 * Starting Sifting on 1 thread...
Tried aggregator 1 time.
LP Presolve eliminated 30 rows and 4335 columns.
All rows and columns eliminated.
Presolve time = 0.00 sec. (2.28 ticks)

Dual simplex solved model.

Version identifier: 12.10.0.0 | 2019-11-26 | 843d4de2ae
Parallel mode: deterministic, using up to 20 threads for concurrent optimization:
 * Starting dual Simplex on 1 thread...
 * Starting Barrier on 17 threads...
 * Starting primal Simplex on 1 thread...
 * Starting Sifting on 1 thread...
Tried aggregator 1 time.
LP Presolve eliminated 30 rows and 4335 columns.
All rows and columns eliminated.
Presolve time = 0.00 sec. (2.28 ticks)

Dual simplex solved model.

Version identifier: 12.10.0.0 | 2019-11-26 | 843d4de2ae
Parallel mode: deterministic, using up to 20 threads for concurrent optimization:
 * Starting dual Simplex on 1 thread...
 * Starting Barrier on 17 threads...
 * Starting primal Simplex on 1 thread...
 * Starting Sifting on 1 thread...
Tried aggregator 1 time.
LP Presolve eliminated 30 rows and 4335 columns.
All rows and columns eliminated.
Presolve time = 0.00 sec. (2.28 ticks)

Dual simplex solved model.

Version identifier: 12.10.0.0 | 2019-11-26 | 843d4de2ae
Parallel mode: deterministic, using up to 20 threads for concurrent optimization:
 * Starting dual Simplex on 1 thread...
 * Starting Barrier on 17 threads...
 * Starting primal Simplex on 1 thread...
 * Starting Sifting on 1 thread...
Tried aggregator 1 time.
LP Presolve eliminated 30 rows and 4335 columns.
All rows and columns eliminated.
Presolve time = 0.00 sec. (2.28 ticks)

Dual simplex solved model.

Version identifier: 12.10.0.0 | 2019-11-26 | 843d4de2ae
Parallel mode: deterministic, using up to 20 threads for concurrent optimization:
 * Starting dual Simplex on 1 thread...
 * Starting Barrier on 17 threads...
 * Starting primal Simplex on 1 thread...
 * Starting Sifting on 1 thread...
Tried aggregator 1 time.
LP Presolve eliminated 30 rows and 4335 columns.
All rows and columns eliminated.
Presolve time = 0.00 sec. (2.28 ticks)

Dual simplex solved model.

Version identifier: 12.10.0.0 | 2019-11-26 | 843d4de2ae
Parallel mode: deterministic, using up to 20 threads for concurrent optimization:
 * Starting dual Simplex on 1 thread...
 * Starting Barrier on 17 threads...
 * Starting primal Simplex on 1 thread...
 * Starting Sifting on 1 thread...
Tried aggregator 1 time.
LP Presolve eliminated 30 rows and 4335 columns.
All rows and columns eliminated.
Presolve time = 0.00 sec. (2.28 ticks)

Dual simplex solved model.

Version identifier: 12.10.0.0 | 2019-11-26 | 843d4de2ae
Parallel mode: deterministic, using up to 20 threads for concurrent optimization:
 * Starting dual Simplex on 1 thread...
 * Starting Barrier on 17 threads...
 * Starting primal Simplex on 1 thread...
 * Starting Sifting on 1 thread...
Tried aggregator 1 time.
LP Presolve eliminated 30 rows and 4335 columns.
All rows and columns eliminated.
Presolve time = 0.00 sec. (2.28 ticks)

Dual simplex solved model.

Version identifier: 12.10.0.0 | 2019-11-26 | 843d4de2ae
Parallel mode: deterministic, using up to 20 threads for concurrent optimization:
 * Starting dual Simplex on 1 thread...
 * Starting Barrier on 17 threads...
 * Starting primal Simplex on 1 thread...
 * Starting Sifting on 1 thread...
Tried aggregator 1 time.
LP Presolve eliminated 30 rows and 4335 columns.
All rows and columns eliminated.
Presolve time = 0.00 sec. (2.29 ticks)

Dual simplex solved model.

Version identifier: 12.10.0.0 | 2019-11-26 | 843d4de2ae
Parallel mode: deterministic, using up to 20 threads for concurrent optimization:
 * Starting dual Simplex on 1 thread...
 * Starting Barrier on 17 threads...
 * Starting primal Simplex on 1 thread...
 * Starting Sifting on 1 thread...
Tried aggregator 1 time.
LP Presolve eliminated 30 rows and 4335 columns.
All rows and columns eliminated.
Presolve time = 0.00 sec. (2.28 ticks)

Dual simplex solved model.

Version identifier: 12.10.0.0 | 2019-11-26 | 843d4de2ae
Parallel mode: deterministic, using up to 20 threads for concurrent optimization:
 * Starting dual Simplex on 1 thread...
 * Starting Barrier on 17 threads...
 * Starting primal Simplex on 1 thread...
 * Starting Sifting on 1 thread...
Tried aggregator 1 time.
LP Presolve eliminated 30 rows and 4335 columns.
All rows and columns eliminated.
Presolve time = 0.00 sec. (2.28 ticks)

Dual simplex solved model.

Version identifier: 12.10.0.0 | 2019-11-26 | 843d4de2ae
Parallel mode: deterministic, using up to 20 threads for concurrent optimization:
 * Starting dual Simplex on 1 thread...
 * Starting Barrier on 17 threads...
 * Starting primal Simplex on 1 thread...
 * Starting Sifting on 1 thread...
Tried aggregator 1 time.
LP Presolve eliminated 30 rows and 4335 columns.
All rows and columns eliminated.
Presolve time = 0.00 sec. (2.28 ticks)

Dual simplex solved model.

Version identifier: 12.10.0.0 | 2019-11-26 | 843d4de2ae
Parallel mode: deterministic, using up to 20 threads for concurrent optimization:
 * Starting dual Simplex on 1 thread...
 * Starting Barrier on 17 threads...
 * Starting primal Simplex on 1 thread...
 * Starting Sifting on 1 thread...
Tried aggregator 1 time.
LP Presolve eliminated 30 rows and 4335 columns.
All rows and columns eliminated.
Presolve time = 0.00 sec. (2.28 ticks)

Dual simplex solved model.

Version identifier: 12.10.0.0 | 2019-11-26 | 843d4de2ae
Parallel mode: deterministic, using up to 20 threads for concurrent optimization:
 * Starting dual Simplex on 1 thread...
 * Starting Barrier on 17 threads...
 * Starting primal Simplex on 1 thread...
 * Starting Sifting on 1 thread...
Tried aggregator 1 time.
LP Presolve eliminated 30 rows and 4335 columns.
All rows and columns eliminated.
Presolve time = 0.00 sec. (2.28 ticks)

Dual simplex solved model.

Version identifier: 12.10.0.0 | 2019-11-26 | 843d4de2ae
Parallel mode: deterministic, using up to 20 threads for concurrent optimization:
 * Starting dual Simplex on 1 thread...
 * Starting Barrier on 17 threads...
 * Starting primal Simplex on 1 thread...
 * Starting Sifting on 1 thread...
Tried aggregator 1 time.
LP Presolve eliminated 30 rows and 4335 columns.
All rows and columns eliminated.
Presolve time = 0.00 sec. (2.28 ticks)

Dual simplex solved model.

Version identifier: 12.10.0.0 | 2019-11-26 | 843d4de2ae
Parallel mode: deterministic, using up to 20 threads for concurrent optimization:
 * Starting dual Simplex on 1 thread...
 * Starting Barrier on 17 threads...
 * Starting primal Simplex on 1 thread...
 * Starting Sifting on 1 thread...
Tried aggregator 1 time.
LP Presolve eliminated 30 rows and 4335 columns.
All rows and columns eliminated.
Presolve time = 0.00 sec. (2.28 ticks)

Dual simplex solved model.

Version identifier: 12.10.0.0 | 2019-11-26 | 843d4de2ae
Parallel mode: deterministic, using up to 20 threads for concurrent optimization:
 * Starting dual Simplex on 1 thread...
 * Starting Barrier on 17 threads...
 * Starting primal Simplex on 1 thread...
 * Starting Sifting on 1 thread...
Tried aggregator 1 time.
LP Presolve eliminated 30 rows and 4335 columns.
All rows and columns eliminated.
Presolve time = 0.00 sec. (2.28 ticks)

Dual simplex solved model.

Version identifier: 12.10.0.0 | 2019-11-26 | 843d4de2ae
Parallel mode: deterministic, using up to 20 threads for concurrent optimization:
 * Starting dual Simplex on 1 thread...
 * Starting Barrier on 17 threads...
 * Starting primal Simplex on 1 thread...
 * Starting Sifting on 1 thread...
Tried aggregator 1 time.
LP Presolve eliminated 30 rows and 4335 columns.
All rows and columns eliminated.
Presolve time = 0.00 sec. (2.28 ticks)

Dual simplex solved model.

Version identifier: 12.10.0.0 | 2019-11-26 | 843d4de2ae
Parallel mode: deterministic, using up to 20 threads for concurrent optimization:
 * Starting dual Simplex on 1 thread...
 * Starting Barrier on 17 threads...
 * Starting primal Simplex on 1 thread...
 * Starting Sifting on 1 thread...
Tried aggregator 1 time.
LP Presolve eliminated 30 rows and 4335 columns.
All rows and columns eliminated.
Presolve time = 0.00 sec. (2.29 ticks)

Dual simplex solved model.

Version identifier: 12.10.0.0 | 2019-11-26 | 843d4de2ae
Parallel mode: deterministic, using up to 20 threads for concurrent optimization:
 * Starting dual Simplex on 1 thread...
 * Starting Barrier on 17 threads...
 * Starting primal Simplex on 1 thread...
 * Starting Sifting on 1 thread...

Iteration log . . .
Iteration:     1   Dual objective     =           946.244304

Dual simplex solved model.

开始第一阶段求解
Version identifier: 12.10.0.0 | 2019-11-26 | 843d4de2ae
Retaining values of one MIP start for possible repair.
Found incumbent of value 1495067.000000 after 0.00 sec. (2.52 ticks)
Tried aggregator 2 times.
MIP Presolve eliminated 10 rows and 21 columns.
MIP Presolve added 42 rows and 42 columns.
Aggregator did 19 substitutions.
Reduced MIP has 43 rows, 4346 columns, and 24871 nonzeros.
Reduced MIP has 109 binaries, 4237 generals, 0 SOSs, and 0 indicators.
Presolve time = 0.02 sec. (13.87 ticks)
Tried aggregator 1 time.
Detecting symmetries...
MIP Presolve eliminated 32 rows and 32 columns.
MIP Presolve added 32 rows and 32 columns.
Reduced MIP has 43 rows, 4346 columns, and 24871 nonzeros.
Reduced MIP has 109 binaries, 4237 generals, 0 SOSs, and 0 indicators.
Presolve time = 0.00 sec. (10.05 ticks)
Probing fixed 0 vars, tightened 2 bounds.
Probing time = 0.02 sec. (17.34 ticks)
Clique table members: 1.
MIP emphasis: balance optimality and feasibility.
MIP search method: dynamic search.
Parallel mode: deterministic, using up to 20 threads.
Root relaxation solution time = 0.00 sec. (8.17 ticks)

        Nodes                                         Cuts/
   Node  Left     Objective  IInf  Best Integer    Best Bound    ItCnt     Gap

*     0+    0                      1495067.0000        0.0000           100.00%
*     0+    0                         2676.0000        0.0000           100.00%
*     0+    0                         2663.0000        0.0000           100.00%
      0     0      972.9107     3     2663.0000      972.9107       22   63.47%
*     0+    0                          980.0000      972.9107             0.72%
      0     0      975.7464     3      980.0000      Fract: 3       24    0.43%
      0     0      975.7464     3      980.0000    MIRcuts: 1       25    0.43%
Repair heuristic found nothing.
Detecting symmetries...

Repeating presolve.
Tried aggregator 1 time.
MIP Presolve eliminated 18 rows and 1378 columns.
Reduced MIP has 25 rows, 2968 columns, and 17718 nonzeros.
Reduced MIP has 108 binaries, 2860 generals, 0 SOSs, and 0 indicators.
Presolve time = 0.00 sec. (5.74 ticks)
Tried aggregator 1 time.
Detecting symmetries...
Reduced MIP has 25 rows, 2968 columns, and 17718 nonzeros.
Reduced MIP has 108 binaries, 2860 generals, 0 SOSs, and 0 indicators.
Presolve time = 0.00 sec. (6.59 ticks)
Represolve time = 0.03 sec. (22.85 ticks)
Probing fixed 0 vars, tightened 2 bounds.
Probing time = 0.02 sec. (10.91 ticks)
Clique table members: 5.
MIP emphasis: balance optimality and feasibility.
MIP search method: dynamic search.
Parallel mode: deterministic, using up to 20 threads.
Root relaxation solution time = 0.00 sec. (6.67 ticks)

        Nodes                                         Cuts/
   Node  Left     Objective  IInf  Best Integer    Best Bound    ItCnt     Gap

*     0+    0                          980.0000      975.7464             0.43%
      0     0      975.7464     6      980.0000      975.7464       44    0.43%
Repair heuristic found nothing.
Detecting symmetries...
      0     2      975.7464     6      980.0000      975.7464       44    0.43%
Elapsed time = 0.47 sec. (298.01 ticks, tree = 0.02 MB, solutions = 3)

Performing restart 1

Repeating presolve.
Tried aggregator 1 time.
Reduced MIP has 25 rows, 2968 columns, and 17718 nonzeros.
Reduced MIP has 108 binaries, 2860 generals, 0 SOSs, and 0 indicators.
Presolve time = 0.00 sec. (5.35 ticks)
Tried aggregator 1 time.
Reduced MIP has 25 rows, 2968 columns, and 17718 nonzeros.
Reduced MIP has 108 binaries, 2860 generals, 0 SOSs, and 0 indicators.
Presolve time = 0.02 sec. (6.85 ticks)
Represolve time = 0.05 sec. (35.09 ticks)
   5994     0      975.7464     7      980.0000      Fract: 1     7605    0.43%
   5994     0      975.7464     7      980.0000      Fract: 1     7606    0.43%
   5994     2      975.7464     6      980.0000      975.7464     7606    0.43%
  11003  2618        cutoff            980.0000      976.0000    11867    0.41%
  20366  5896      976.0000     1      980.0000      976.0000    18697    0.41%
  30995 10675      976.0440     1      980.0000      976.0000    26872    0.41%
  42175 15615      976.1455     1      980.0000      976.0000    36270    0.41%
  53153 20673    infeasible            980.0000      976.0000    45063    0.41%
  59751 23032      976.0000     3      980.0000      976.0000    49655    0.41%
  67738 26096      976.3170     1      980.0000      976.0000    55088    0.41%
  78349 30481      976.1110     2      980.0000      976.0000    62960    0.41%
 126384 48313      976.0440     1      980.0000      976.0000    95889    0.41%
Elapsed time = 4.23 sec. (3496.38 ticks, tree = 169.72 MB, solutions = 3)
 174747 71053    infeasible            980.0000      976.0000   137927    0.41%
 223312 89261    infeasible            980.0000      976.0000   170943    0.41%
 272807 109246      976.0000     1      980.0000      976.0000   207367    0.41%
 320325 132653      976.2456     2      980.0000      976.0000   247253    0.41%
 369177 154835      976.0106     2      980.0000      976.0000   285110    0.41%
 418201 173761      976.0443     2      980.0000      976.0000   320526    0.41%
 467045 193788      976.1107     1      980.0000      976.0000   356430    0.41%
 517064 210976      976.2577     3      980.0000      976.0000   391253    0.41%
 565984 231962      976.1114     1      980.0000      976.0000   435756    0.41%
 616035 250047    infeasible            980.0000      976.0000   470468    0.41%
Elapsed time = 20.88 sec. (13033.32 ticks, tree = 910.98 MB, solutions = 3)
 663887 270234      976.1129     3      980.0000      976.0000   509733    0.41%
 713615 288288    infeasible            980.0000      976.0000   544013    0.41%
 762178 306474      976.0106     2      980.0000      976.0000   583787    0.41%
 811572 325183      976.1445     1      980.0000      976.0000   622374    0.41%
 858619 346591      976.3086     1      980.0000      976.0000   661502    0.41%
 908411 363116    infeasible            980.0000      976.0000   702249    0.41%
 955024 381461      976.5832     2      980.0000      976.0000   736555    0.41%
 1004648 399479      976.5812     2      980.0000      976.0000   777073    0.41%
 1053699 415718      976.0108     3      980.0000      976.0000   810290    0.41%
 1100902 433806      976.1797     1      980.0000      976.0000   855954    0.41%
Elapsed time = 47.16 sec. (22570.19 ticks, tree = 1585.73 MB, solutions = 3)
 1146417 452332      976.5972     1      980.0000      976.0000   890529    0.41%
 1199312 468366      976.6662     2      980.0000      976.0000   940789    0.41%
 1241124 486960    infeasible            980.0000      976.0000   976916    0.41%
 1297773 502662      976.3522     2      980.0000      976.0000  1031938    0.41%
 1339795 517835      976.0779     2      980.0000      976.0000  1058396    0.41%
 1391644 534481    infeasible            980.0000      976.0000  1110155    0.41%
 1433150 550134    infeasible            980.0000      976.0000  1147285    0.41%
 1478630 559645    infeasible            980.0000      976.0000  1185803    0.41%
 1505411 574267      976.8440     1      980.0000      976.0000  1215185    0.41%
 1539961 583529      976.1125     2      980.0000      976.0000  1241367    0.41%
Elapsed time = 81.98 sec. (32107.09 ticks, tree = 2129.93 MB, solutions = 3)
Nodefile size = 80.72 MB (10.42 MB after compression)
 1565470 595820      976.8440     2      980.0000      976.0000  1276061    0.41%
 1607196 605470        cutoff            980.0000      976.0000  1296344    0.41%
 1637129 615879    infeasible            980.0000      976.0000  1343566    0.41%
 1678357 627718      976.0000     2      980.0000      976.0000  1377671    0.41%
 1705311 637065      976.0776     1      980.0000      976.0000  1412092    0.41%
 1737106 650080      976.1750     1      980.0000      976.0000  1439204    0.41%
 1771388 656762      976.2746     2      980.0000      976.0000  1473871    0.41%
 1801121 666573      976.2121     2      980.0000      976.0000  1492927    0.41%
 1840890 676862    infeasible            980.0000      976.0000  1534926    0.41%
 1865711 688005    infeasible            980.0000      976.0000  1564275    0.41%
Elapsed time = 115.11 sec. (41644.12 ticks, tree = 2499.57 MB, solutions = 3)
Nodefile size = 450.44 MB (56.43 MB after compression)
 1911638 697113      976.2424     1      980.0000      976.0000  1592033    0.41%
 1938308 709427      976.0000     1      980.0000      976.0000  1639682    0.41%
 1975907 722575      977.0510     1      980.0000      976.0000  1668663    0.41%
 2011729 732913    infeasible            980.0000      976.0000  1722270    0.41%
 2035866 741140      976.1455     2      980.0000      976.0000  1735907    0.41%
 2072950 754426      976.8803     1      980.0000      976.0000  1765581    0.41%
 2105431 761246      976.0107     2      980.0000      976.0000  1802022    0.41%
 2140137 772901      976.0107     2      980.0000      976.0000  1837304    0.41%
 2184035 784173      976.2128     2      980.0000      976.0000  1877085    0.41%
 2213746 794202    infeasible            980.0000      976.0000  1915997    0.41%
Elapsed time = 148.48 sec. (51180.99 ticks, tree = 2875.21 MB, solutions = 3)
Nodefile size = 826.14 MB (103.29 MB after compression)
 2249567 806345      976.2473     1      980.0000      976.0000  1940358    0.41%
 2280904 815355    infeasible            980.0000      976.0000  1986362    0.41%
 2314843 828307      976.5891     1      980.0000      976.0000  2013899    0.41%
 2355796 837944      976.0781     3      980.0000      976.0000  2049311    0.41%
 2380204 845000      976.5440     2      980.0000      976.0000  2079202    0.41%
 2416648 856229      976.1455     1      980.0000      976.0000  2108763    0.41%
 2458211 868851    infeasible            980.0000      976.0000  2155497    0.41%
 2486748 879803    infeasible            980.0000      976.0000  2191357    0.41%
 2523917 887617      976.4176     1      980.0000      976.0000  2210116    0.41%
Profiler Agent: Waiting for connection on port 5140 (Protocol version: 21)
Profiler Agent: Established connection with the tool
Profiler Agent: Local accelerated session
 2566181 900815      976.0786     2      980.0000      976.0000  2265423    0.41%
Elapsed time = 182.25 sec. (60718.05 ticks, tree = 3252.35 MB, solutions = 3)
Nodefile size = 1202.84 MB (148.49 MB after compression)
 2593613 913609      976.0440     1      980.0000      976.0000  2296627    0.41%
 2642389 920657        cutoff            980.0000      976.0000  2317190    0.41%
 2672170 933597      976.0110     2      980.0000      976.0000  2379209    0.41%
 2704207 945595      976.2490     1      980.0000      976.0000  2407212    0.41%
 2747236 955970      976.0446     1      980.0000      976.0000  2436581    0.41%
 2781078 967754      976.0109     2      980.0000      976.0000  2494290    0.41%
 2812440 974619    infeasible            980.0000      976.0000  2507998    0.41%
 2852815 983317      976.9666     1      980.0000      976.0000  2527640    0.41%
 2883001 996524      976.0000     1      980.0000      976.0000  2589040    0.41%
 2914666 1007913      976.0274     3      980.0000      976.0000  2612823    0.41%
Elapsed time = 215.58 sec. (70255.10 ticks, tree = 3631.04 MB, solutions = 3)
Nodefile size = 1581.53 MB (194.55 MB after compression)
 2959043 1018915      976.0107     3      980.0000      976.0000  2649401    0.41%
 2987355 1026240      976.0109     2      980.0000      976.0000  2688129    0.41%
 3022712 1037951      976.0440     1      980.0000      976.0000  2717853    0.41%
 3067816 1047387      976.1107     1      980.0000      976.0000  2738836    0.41%
 3099511 1058924    infeasible            980.0000      976.0000  2790593    0.41%
 3131350 1070526      976.0108     2      980.0000      976.0000  2826029    0.41%
 3174908 1082361      976.7773     1      980.0000      976.0000  2852409    0.41%
 3204113 1094179    infeasible            980.0000      976.0000  2906897    0.41%
 3231217 1104522      976.0107     3      980.0000      976.0000  2935542    0.41%
 3271391 1111502      976.2813     2      980.0000      976.0000  2951845    0.41%
Elapsed time = 249.55 sec. (79792.17 ticks, tree = 3997.42 MB, solutions = 3)
Nodefile size = 1948.26 MB (238.10 MB after compression)
 3304483 1122907      976.2128     2      980.0000      976.0000  2990084    0.41%
 3330012 1133926      976.3486     2      980.0000      976.0000  3035063    0.41%
 3366802 1143826      976.2128     1      980.0000      976.0000  3057448    0.41%
 3420545 1151563      976.0000     1      980.0000      976.0000  3085166    0.41%
 3451920 1162017    infeasible            980.0000      976.0000  3140457    0.41%
 3481641 1173866      976.0443     1      980.0000      976.0000  3166257    0.41%
 3514027 1186828      976.0776     1      980.0000      976.0000  3195490    0.41%
 3555560 1192908      976.0776     1      980.0000      976.0000  3209534    0.41%
 3584376 1209461      976.2142     1      980.0000      976.0000  3280186    0.41%
 3728252 1250257        cutoff            980.0000      976.0000  3412105    0.41%
Elapsed time = 293.55 sec. (92190.09 ticks, tree = 4488.23 MB, solutions = 3)
Nodefile size = 2438.56 MB (296.29 MB after compression)
 3867152 1288103      976.2456     1      980.0000      976.0000  3538777    0.41%
 4002602 1330720      976.2859     2      980.0000      976.0000  3655705    0.41%
 4136105 1376879    infeasible            980.0000      976.0000  3791719    0.41%
 4278813 1418003    infeasible            980.0000      976.0000  3915006    0.41%
 4399772 1460144      976.4789     2      980.0000      976.0000  4037717    0.41%
 4539904 1501521    infeasible            980.0000      976.0000  4165055    0.41%
 4672109 1547225      976.1445     2      980.0000      976.0000  4297540    0.41%
 4803019 1583446    infeasible            980.0000      976.0000  4417758    0.41%
 4941269 1627693      976.0792     2      980.0000      976.0000  4544349    0.41%
 5074046 1672080      976.1114     1      980.0000      976.0000  4654463    0.41%
Elapsed time = 423.23 sec. (130337.35 ticks, tree = 5980.45 MB, solutions = 3)
Nodefile size = 3930.40 MB (462.66 MB after compression)
Profiler Agent: Connection with agent closed
